<?xml version="1.0" encoding="UTF-8"?>
<!-- Generated by org.testng.reporters.JUnitReportReporter -->
<testsuite hostname="DESKTOP-1KMULVA" failures="0" tests="2" name="IMDB.Class1" time="0.820" errors="0" timestamp="2022-12-20T02:18:21 IST" skipped="0">
  <testcase classname="IMDB.Class1" name="test2" time="0.254"/>
  <system-out/>
  <testcase classname="IMDB.Class1" name="test1" time="0.566"/>
  <system-out/>
</testsuite> <!-- IMDB.Class1 -->
